{"numTotalTestSuites":8,"numPassedTestSuites":5,"numFailedTestSuites":3,"numPendingTestSuites":0,"numTotalTests":12,"numPassedTests":11,"numFailedTests":1,"numPendingTests":0,"numTodoTests":0,"snapshot":{"added":0,"failure":false,"filesAdded":0,"filesRemoved":0,"filesRemovedList":[],"filesUnmatched":0,"filesUpdated":0,"matched":0,"total":0,"unchecked":0,"uncheckedKeysByFile":[],"unmatched":0,"updated":0,"didUpdate":false},"startTime":1759539112049,"success":false,"testResults":[{"assertionResults":[{"ancestorTitles":["ProtectApiService","login"],"fullName":"ProtectApiService login should login successfully","status":"failed","title":"should login successfully","duration":7,"failureMessages":["AssertionError: expected \"spy\" to be called with arguments: [ …(2) ]\n\nReceived: \n\n  1st spy call:\n\n  [\n    \"https://test-protect.example.com/protect/login\",\n-   ObjectContaining {\n+   {\n      \"body\": \"{\\\"username\\\":\\\"test-user\\\",\\\"password\\\":\\\"test-password\\\"}\",\n      \"headers\": {\n+       \"Authorization\": \"Bearer test-api-key\",\n        \"Content-Type\": \"application/json\",\n      },\n      \"method\": \"POST\",\n    },\n  ]\n\n\nNumber of calls: 1\n\n    at Proxy.<anonymous> (Volumes/Projects/workers/unifi-protect-api/node_modules/@vitest/expect/dist/index.js:1355:10)\n    at Proxy.<anonymous> (Volumes/Projects/workers/unifi-protect-api/node_modules/@vitest/expect/dist/index.js:1029:14)\n    at Proxy.methodWrapper (Volumes/Projects/workers/unifi-protect-api/node_modules/.vite/vitest/da39a3ee5e6b4b0d3255bfef95601890afd80709/deps_ssr/vitest___@vitest_expect___chai.js:1601:25)\n    at /Volumes/Projects/workers/unifi-protect-api/test/services/protect-api.test.ts:40:25\n    at Volumes/Projects/workers/unifi-protect-api/node_modules/@vitest/runner/dist/chunk-hooks.js:752:20"],"meta":{}},{"ancestorTitles":["ProtectApiService","login"],"fullName":"ProtectApiService login should handle login failure","status":"passed","title":"should handle login failure","duration":6,"failureMessages":[],"meta":{}},{"ancestorTitles":["ProtectApiService","fetchBootstrapData"],"fullName":"ProtectApiService fetchBootstrapData should fetch bootstrap data successfully","status":"passed","title":"should fetch bootstrap data successfully","duration":3,"failureMessages":[],"meta":{}},{"ancestorTitles":["ProtectApiService","fetchBootstrapData"],"fullName":"ProtectApiService fetchBootstrapData should retry with new login on 401","status":"passed","title":"should retry with new login on 401","duration":4,"failureMessages":[],"meta":{}},{"ancestorTitles":["ProtectApiService","getCameras"],"fullName":"ProtectApiService getCameras should return formatted camera data","status":"passed","title":"should return formatted camera data","duration":4,"failureMessages":[],"meta":{}},{"ancestorTitles":["ProtectApiService","getCameras"],"fullName":"ProtectApiService getCameras should handle empty camera list","status":"passed","title":"should handle empty camera list","duration":3,"failureMessages":[],"meta":{}},{"ancestorTitles":["ProtectApiService","getCamera"],"fullName":"ProtectApiService getCamera should return specific camera by ID","status":"passed","title":"should return specific camera by ID","duration":3,"failureMessages":[],"meta":{}},{"ancestorTitles":["ProtectApiService","getCamera"],"fullName":"ProtectApiService getCamera should return null for non-existent camera","status":"passed","title":"should return null for non-existent camera","duration":4,"failureMessages":[],"meta":{}},{"ancestorTitles":["ProtectApiService","getCameraStreams"],"fullName":"ProtectApiService getCameraStreams should return camera streams with RTSP URLs","status":"passed","title":"should return camera streams with RTSP URLs","duration":4,"failureMessages":[],"meta":{}},{"ancestorTitles":["ProtectApiService","getCameraStreams"],"fullName":"ProtectApiService getCameraStreams should return empty array for non-existent camera","status":"passed","title":"should return empty array for non-existent camera","duration":3,"failureMessages":[],"meta":{}},{"ancestorTitles":["ProtectApiService","validateApiKey"],"fullName":"ProtectApiService validateApiKey should validate correct API key","status":"passed","title":"should validate correct API key","duration":2,"failureMessages":[],"meta":{}},{"ancestorTitles":["ProtectApiService","validateApiKey"],"fullName":"ProtectApiService validateApiKey should reject incorrect API key","status":"passed","title":"should reject incorrect API key","duration":3,"failureMessages":[],"meta":{}}],"startTime":1759539113344,"endTime":1759539113410,"status":"failed","message":"","name":"/Volumes/Projects/workers/unifi-protect-api/test/services/protect-api.test.ts"}]}