{
	"numTotalTestSuites": 4,
	"numPassedTestSuites": 1,
	"numFailedTestSuites": 3,
	"numPendingTestSuites": 0,
	"numTotalTests": 7,
	"numPassedTests": 4,
	"numFailedTests": 3,
	"numPendingTests": 0,
	"numTodoTests": 0,
	"snapshot": {
		"added": 0,
		"failure": false,
		"filesAdded": 0,
		"filesRemoved": 0,
		"filesRemovedList": [],
		"filesUnmatched": 0,
		"filesUpdated": 0,
		"matched": 0,
		"total": 0,
		"unchecked": 0,
		"uncheckedKeysByFile": [],
		"unmatched": 0,
		"updated": 0,
		"didUpdate": false
	},
	"startTime": 1759543443866,
	"success": false,
	"testResults": [
		{
			"assertionResults": [
				{
					"ancestorTitles": ["Worker Self-Test Endpoints", "POST /worker/self-test"],
					"fullName": "Worker Self-Test Endpoints POST /worker/self-test should run worker self-tests successfully",
					"status": "passed",
					"title": "should run worker self-tests successfully",
					"duration": 96,
					"failureMessages": [],
					"meta": {}
				},
				{
					"ancestorTitles": ["Worker Self-Test Endpoints", "POST /worker/self-test"],
					"fullName": "Worker Self-Test Endpoints POST /worker/self-test should run self-tests with default configuration",
					"status": "passed",
					"title": "should run self-tests with default configuration",
					"duration": 6,
					"failureMessages": [],
					"meta": {}
				},
				{
					"ancestorTitles": ["Worker Self-Test Endpoints", "POST /worker/self-test"],
					"fullName": "Worker Self-Test Endpoints POST /worker/self-test should handle self-test errors gracefully",
					"status": "passed",
					"title": "should handle self-test errors gracefully",
					"duration": 5,
					"failureMessages": [],
					"meta": {}
				},
				{
					"ancestorTitles": ["Worker Self-Test Endpoints", "GET /worker/self-test/status"],
					"fullName": "Worker Self-Test Endpoints GET /worker/self-test/status should get self-test status successfully",
					"status": "failed",
					"title": "should get self-test status successfully",
					"duration": 6,
					"failureMessages": [
						"AssertionError: expected 500 to be 200 // Object.is equality\n    at /Volumes/Projects/workers/unifi-protect-api/test/worker-self-test.test.ts:137:31\n    at Volumes/Projects/workers/unifi-protect-api/node_modules/@vitest/runner/dist/chunk-hooks.js:752:20"
					],
					"meta": {}
				},
				{
					"ancestorTitles": ["Worker Self-Test Endpoints", "GET /worker/self-test/status"],
					"fullName": "Worker Self-Test Endpoints GET /worker/self-test/status should return 400 if session_id is missing",
					"status": "passed",
					"title": "should return 400 if session_id is missing",
					"duration": 5,
					"failureMessages": [],
					"meta": {}
				},
				{
					"ancestorTitles": ["Worker Self-Test Endpoints", "GET /worker/self-test/status"],
					"fullName": "Worker Self-Test Endpoints GET /worker/self-test/status should return 404 if session not found",
					"status": "failed",
					"title": "should return 404 if session not found",
					"duration": 3,
					"failureMessages": [
						"AssertionError: expected 500 to be 404 // Object.is equality\n    at /Volumes/Projects/workers/unifi-protect-api/test/worker-self-test.test.ts:172:31\n    at Volumes/Projects/workers/unifi-protect-api/node_modules/@vitest/runner/dist/chunk-hooks.js:752:20"
					],
					"meta": {}
				},
				{
					"ancestorTitles": ["Worker Self-Test Endpoints", "GET /worker/self-test/status"],
					"fullName": "Worker Self-Test Endpoints GET /worker/self-test/status should handle status check errors gracefully",
					"status": "failed",
					"title": "should handle status check errors gracefully",
					"duration": 5,
					"failureMessages": [
						"AssertionError: expected 'selfTestService.getTestResults is not…' to be 'Database error' // Object.is equality\n    at /Volumes/Projects/workers/unifi-protect-api/test/worker-self-test.test.ts:193:28\n    at Volumes/Projects/workers/unifi-protect-api/node_modules/@vitest/runner/dist/chunk-hooks.js:752:20"
					],
					"meta": {}
				}
			],
			"startTime": 1759543444991,
			"endTime": 1759543445129,
			"status": "failed",
			"message": "",
			"name": "/Volumes/Projects/workers/unifi-protect-api/test/worker-self-test.test.ts"
		}
	]
}
